# JRE version: Java(TM) SE Runtime Environment (8.0_111-b14) (build 1.8.0_111-b14)
# Java VM: Java HotSpot(TM) 64-Bit Server VM (25.111-b14 mixed mode windows-amd64 compressed oops)
Heap:
 PSYoungGen      total 403456K, used 277422K [0x00000000d5d00000, 0x00000000f3580000, 0x0000000100000000)
  eden space 397824K, 68% used [0x00000000d5d00000,0x00000000e6694b60,0x00000000ee180000)
  from space 5632K, 97% used [0x00000000ef200000,0x00000000ef756f88,0x00000000ef780000)
  to   space 35840K, 0% used [0x00000000f1280000,0x00000000f1280000,0x00000000f3580000)
 ParOldGen       total 190976K, used 128284K [0x0000000081600000, 0x000000008d080000, 0x00000000d5d00000)
  object space 190976K, 67% used [0x0000000081600000,0x0000000089347110,0x000000008d080000)
 Metaspace       used 84123K, capacity 85162K, committed 85336K, reserved 1124352K
  class space    used 9826K, capacity 10091K, committed 10112K, reserved 1048576K
GC Heap History (10 events):
Event: 849.400 GC heap before
{Heap before GC invocations=24 (full 3):
 PSYoungGen      total 507904K, used 497403K [0x00000000d5d00000, 0x00000000f9400000, 0x0000000100000000)
  eden space 491520K, 100% used [0x00000000d5d00000,0x00000000f3d00000,0x00000000f3d00000)
  from space 16384K, 35% used [0x00000000f8400000,0x00000000f89befa8,0x00000000f9400000)
  to   space 44544K, 0% used [0x00000000f3d00000,0x00000000f3d00000,0x00000000f6880000)
 ParOldGen       total 190976K, used 128244K [0x0000000081600000, 0x000000008d080000, 0x00000000d5d00000)
  object space 190976K, 67% used [0x0000000081600000,0x000000008933d110,0x000000008d080000)
 Metaspace       used 83094K, capacity 84138K, committed 84568K, reserved 1124352K
  class space    used 9746K, capacity 10027K, committed 10112K, reserved 1048576K
Event: 849.407 GC heap after
Heap after GC invocations=24 (full 3):
 PSYoungGen      total 476672K, used 5195K [0x00000000d5d00000, 0x00000000f8480000, 0x0000000100000000)
  eden space 471040K, 0% used [0x00000000d5d00000,0x00000000d5d00000,0x00000000f2900000)
  from space 5632K, 92% used [0x00000000f3d00000,0x00000000f4212f98,0x00000000f4280000)
  to   space 43008K, 0% used [0x00000000f5a80000,0x00000000f5a80000,0x00000000f8480000)
 ParOldGen       total 190976K, used 128252K [0x0000000081600000, 0x000000008d080000, 0x00000000d5d00000)
  object space 190976K, 67% used [0x0000000081600000,0x000000008933f110,0x000000008d080000)
 Metaspace       used 83094K, capacity 84138K, committed 84568K, reserved 1124352K
  class space    used 9746K, capacity 10027K, committed 10112K, reserved 1048576K
}
Event: 939.032 GC heap before
{Heap before GC invocations=25 (full 3):
 PSYoungGen      total 476672K, used 476235K [0x00000000d5d00000, 0x00000000f8480000, 0x0000000100000000)
  eden space 471040K, 100% used [0x00000000d5d00000,0x00000000f2900000,0x00000000f2900000)
  from space 5632K, 92% used [0x00000000f3d00000,0x00000000f4212f98,0x00000000f4280000)
  to   space 43008K, 0% used [0x00000000f5a80000,0x00000000f5a80000,0x00000000f8480000)
 ParOldGen       total 190976K, used 128252K [0x0000000081600000, 0x000000008d080000, 0x00000000d5d00000)
  object space 190976K, 67% used [0x0000000081600000,0x000000008933f110,0x000000008d080000)
 Metaspace       used 83131K, capacity 84202K, committed 84568K, reserved 1124352K
  class space    used 9746K, capacity 10027K, committed 10112K, reserved 1048576K
Event: 939.040 GC heap after
Heap after GC invocations=25 (full 3):
 PSYoungGen      total 463360K, used 6523K [0x00000000d5d00000, 0x00000000f6600000, 0x0000000100000000)
  eden space 451584K, 0% used [0x00000000d5d00000,0x00000000d5d00000,0x00000000f1600000)
  from space 11776K, 55% used [0x00000000f5a80000,0x00000000f60def78,0x00000000f6600000)
  to   space 40960K, 0% used [0x00000000f1600000,0x00000000f1600000,0x00000000f3e00000)
 ParOldGen       total 190976K, used 128260K [0x0000000081600000, 0x000000008d080000, 0x00000000d5d00000)
  object space 190976K, 67% used [0x0000000081600000,0x0000000089341110,0x000000008d080000)
 Metaspace       used 83131K, capacity 84202K, committed 84568K, reserved 1124352K
  class space    used 9746K, capacity 10027K, committed 10112K, reserved 1048576K
}
Event: 1025.391 GC heap before
{Heap before GC invocations=26 (full 3):
 PSYoungGen      total 463360K, used 458107K [0x00000000d5d00000, 0x00000000f6600000, 0x0000000100000000)
  eden space 451584K, 100% used [0x00000000d5d00000,0x00000000f1600000,0x00000000f1600000)
  from space 11776K, 55% used [0x00000000f5a80000,0x00000000f60def78,0x00000000f6600000)
  to   space 40960K, 0% used [0x00000000f1600000,0x00000000f1600000,0x00000000f3e00000)
 ParOldGen       total 190976K, used 128260K [0x0000000081600000, 0x000000008d080000, 0x00000000d5d00000)
  object space 190976K, 67% used [0x0000000081600000,0x0000000089341110,0x000000008d080000)
 Metaspace       used 83156K, capacity 84202K, committed 84568K, reserved 1124352K
  class space    used 9746K, capacity 10027K, committed 10112K, reserved 1048576K
Event: 1025.402 GC heap after
Heap after GC invocations=26 (full 3):
 PSYoungGen      total 439296K, used 6315K [0x00000000d5d00000, 0x00000000f5b00000, 0x0000000100000000)
  eden space 432640K, 0% used [0x00000000d5d00000,0x00000000d5d00000,0x00000000f0380000)
  from space 6656K, 94% used [0x00000000f1600000,0x00000000f1c2af68,0x00000000f1c80000)
  to   space 38912K, 0% used [0x00000000f3500000,0x00000000f3500000,0x00000000f5b00000)
 ParOldGen       total 190976K, used 128268K [0x0000000081600000, 0x000000008d080000, 0x00000000d5d00000)
  object space 190976K, 67% used [0x0000000081600000,0x0000000089343110,0x000000008d080000)
 Metaspace       used 83156K, capacity 84202K, committed 84568K, reserved 1124352K
  class space    used 9746K, capacity 10027K, committed 10112K, reserved 1048576K
}
Event: 1108.719 GC heap before
{Heap before GC invocations=27 (full 3):
 PSYoungGen      total 439296K, used 438955K [0x00000000d5d00000, 0x00000000f5b00000, 0x0000000100000000)
  eden space 432640K, 100% used [0x00000000d5d00000,0x00000000f0380000,0x00000000f0380000)
  from space 6656K, 94% used [0x00000000f1600000,0x00000000f1c2af68,0x00000000f1c80000)
  to   space 38912K, 0% used [0x00000000f3500000,0x00000000f3500000,0x00000000f5b00000)
 ParOldGen       total 190976K, used 128268K [0x0000000081600000, 0x000000008d080000, 0x00000000d5d00000)
  object space 190976K, 67% used [0x0000000081600000,0x0000000089343110,0x000000008d080000)
 Metaspace       used 83181K, capacity 84266K, committed 84568K, reserved 1124352K
  class space    used 9746K, capacity 10027K, committed 10112K, reserved 1048576K
Event: 1108.728 GC heap after
Heap after GC invocations=27 (full 3):
 PSYoungGen      total 420864K, used 5547K [0x00000000d5d00000, 0x00000000f3b00000, 0x0000000100000000)
  eden space 414720K, 0% used [0x00000000d5d00000,0x00000000d5d00000,0x00000000ef200000)
  from space 6144K, 90% used [0x00000000f3500000,0x00000000f3a6af78,0x00000000f3b00000)
  to   space 37376K, 0% used [0x00000000ef200000,0x00000000ef200000,0x00000000f1680000)
 ParOldGen       total 190976K, used 128276K [0x0000000081600000, 0x000000008d080000, 0x00000000d5d00000)
  object space 190976K, 67% used [0x0000000081600000,0x0000000089345110,0x000000008d080000)
 Metaspace       used 83181K, capacity 84266K, committed 84568K, reserved 1124352K
  class space    used 9746K, capacity 10027K, committed 10112K, reserved 1048576K
}
Event: 1213.104 GC heap before
{Heap before GC invocations=28 (full 3):
 PSYoungGen      total 420864K, used 420267K [0x00000000d5d00000, 0x00000000f3b00000, 0x0000000100000000)
  eden space 414720K, 100% used [0x00000000d5d00000,0x00000000ef200000,0x00000000ef200000)
  from space 6144K, 90% used [0x00000000f3500000,0x00000000f3a6af78,0x00000000f3b00000)
  to   space 37376K, 0% used [0x00000000ef200000,0x00000000ef200000,0x00000000f1680000)
 ParOldGen       total 190976K, used 128276K [0x0000000081600000, 0x000000008d080000, 0x00000000d5d00000)
  object space 190976K, 67% used [0x0000000081600000,0x0000000089345110,0x000000008d080000)
 Metaspace       used 83312K, capacity 84394K, committed 84824K, reserved 1124352K
  class space    used 9746K, capacity 10027K, committed 10112K, reserved 1048576K
Event: 1213.110 GC heap after
Heap after GC invocations=28 (full 3):
 PSYoungGen      total 403456K, used 5467K [0x00000000d5d00000, 0x00000000f3580000, 0x0000000100000000)
  eden space 397824K, 0% used [0x00000000d5d00000,0x00000000d5d00000,0x00000000ee180000)
  from space 5632K, 97% used [0x00000000ef200000,0x00000000ef756f88,0x00000000ef780000)
  to   space 35840K, 0% used [0x00000000f1280000,0x00000000f1280000,0x00000000f3580000)
 ParOldGen       total 190976K, used 128284K [0x0000000081600000, 0x000000008d080000, 0x00000000d5d00000)
  object space 190976K, 67% used [0x0000000081600000,0x0000000089347110,0x000000008d080000)
 Metaspace       used 83312K, capacity 84394K, committed 84824K, reserved 1124352K
  class space    used 9746K, capacity 10027K, committed 10112K, reserved 1048576K
}

