# JRE version: Java(TM) SE Runtime Environment (8.0_111-b14) (build 1.8.0_111-b14)
# Java VM: Java HotSpot(TM) 64-Bit Server VM (25.111-b14 mixed mode windows-amd64 compressed oops)
Heap:
 PSYoungGen      total 620032K, used 297056K [0x00000000d5d00000, 0x0000000100000000, 0x0000000100000000)
  eden space 573952K, 43% used [0x00000000d5d00000,0x00000000e521a3a0,0x00000000f8d80000)
  from space 46080K, 99% used [0x00000000f8d80000,0x00000000fba7df10,0x00000000fba80000)
  to   space 54272K, 0% used [0x00000000fcb00000,0x00000000fcb00000,0x0000000100000000)
 ParOldGen       total 173568K, used 85055K [0x0000000081600000, 0x000000008bf80000, 0x00000000d5d00000)
  object space 173568K, 49% used [0x0000000081600000,0x000000008690fcc0,0x000000008bf80000)
 Metaspace       used 84001K, capacity 85118K, committed 85208K, reserved 1124352K
  class space    used 9907K, capacity 10211K, committed 10240K, reserved 1048576K
GC Heap History (10 events):
Event: 11.545 GC heap before
{Heap before GC invocations=14 (full 2):
 PSYoungGen      total 328192K, used 328171K [0x00000000d5d00000, 0x00000000f4680000, 0x0000000100000000)
  eden space 312832K, 100% used [0x00000000d5d00000,0x00000000e8e80000,0x00000000e8e80000)
  from space 15360K, 99% used [0x00000000e8e80000,0x00000000e9d7ad20,0x00000000e9d80000)
  to   space 27136K, 0% used [0x00000000f2c00000,0x00000000f2c00000,0x00000000f4680000)
 ParOldGen       total 83456K, used 49329K [0x0000000081600000, 0x0000000086780000, 0x00000000d5d00000)
  object space 83456K, 59% used [0x0000000081600000,0x000000008462c708,0x0000000086780000)
 Metaspace       used 50610K, capacity 51172K, committed 51544K, reserved 1093632K
  class space    used 6293K, capacity 6432K, committed 6528K, reserved 1048576K
Event: 11.581 GC heap after
Heap after GC invocations=14 (full 2):
 PSYoungGen      total 466944K, used 27134K [0x00000000d5d00000, 0x00000000f4d80000, 0x0000000100000000)
  eden space 439808K, 0% used [0x00000000d5d00000,0x00000000d5d00000,0x00000000f0a80000)
  from space 27136K, 99% used [0x00000000f2c00000,0x00000000f467fa50,0x00000000f4680000)
  to   space 34304K, 0% used [0x00000000f0a80000,0x00000000f0a80000,0x00000000f2c00000)
 ParOldGen       total 83456K, used 57755K [0x0000000081600000, 0x0000000086780000, 0x00000000d5d00000)
  object space 83456K, 69% used [0x0000000081600000,0x0000000084e66c58,0x0000000086780000)
 Metaspace       used 50610K, capacity 51172K, committed 51544K, reserved 1093632K
  class space    used 6293K, capacity 6432K, committed 6528K, reserved 1048576K
}
Event: 13.774 GC heap before
{Heap before GC invocations=15 (full 2):
 PSYoungGen      total 466944K, used 466942K [0x00000000d5d00000, 0x00000000f4d80000, 0x0000000100000000)
  eden space 439808K, 100% used [0x00000000d5d00000,0x00000000f0a80000,0x00000000f0a80000)
  from space 27136K, 99% used [0x00000000f2c00000,0x00000000f467fa50,0x00000000f4680000)
  to   space 34304K, 0% used [0x00000000f0a80000,0x00000000f0a80000,0x00000000f2c00000)
 ParOldGen       total 83456K, used 57755K [0x0000000081600000, 0x0000000086780000, 0x00000000d5d00000)
  object space 83456K, 69% used [0x0000000081600000,0x0000000084e66c58,0x0000000086780000)
 Metaspace       used 56360K, capacity 56970K, committed 57176K, reserved 1099776K
  class space    used 6822K, capacity 6993K, committed 7040K, reserved 1048576K
Event: 13.822 GC heap after
Heap after GC invocations=15 (full 2):
 PSYoungGen      total 474112K, used 34276K [0x00000000d5d00000, 0x0000000100000000, 0x0000000100000000)
  eden space 439808K, 0% used [0x00000000d5d00000,0x00000000d5d00000,0x00000000f0a80000)
  from space 34304K, 99% used [0x00000000f0a80000,0x00000000f2bf9048,0x00000000f2c00000)
  to   space 47616K, 0% used [0x00000000fd180000,0x00000000fd180000,0x0000000100000000)
 ParOldGen       total 83456K, used 78479K [0x0000000081600000, 0x0000000086780000, 0x00000000d5d00000)
  object space 83456K, 94% used [0x0000000081600000,0x00000000862a3cb0,0x0000000086780000)
 Metaspace       used 56360K, capacity 56970K, committed 57176K, reserved 1099776K
  class space    used 6822K, capacity 6993K, committed 7040K, reserved 1048576K
}
Event: 13.822 GC heap before
{Heap before GC invocations=16 (full 3):
 PSYoungGen      total 474112K, used 34276K [0x00000000d5d00000, 0x0000000100000000, 0x0000000100000000)
  eden space 439808K, 0% used [0x00000000d5d00000,0x00000000d5d00000,0x00000000f0a80000)
  from space 34304K, 99% used [0x00000000f0a80000,0x00000000f2bf9048,0x00000000f2c00000)
  to   space 47616K, 0% used [0x00000000fd180000,0x00000000fd180000,0x0000000100000000)
 ParOldGen       total 83456K, used 78479K [0x0000000081600000, 0x0000000086780000, 0x00000000d5d00000)
  object space 83456K, 94% used [0x0000000081600000,0x00000000862a3cb0,0x0000000086780000)
 Metaspace       used 56360K, capacity 56970K, committed 57176K, reserved 1099776K
  class space    used 6822K, capacity 6993K, committed 7040K, reserved 1048576K
Event: 14.155 GC heap after
Heap after GC invocations=16 (full 3):
 PSYoungGen      total 474112K, used 0K [0x00000000d5d00000, 0x0000000100000000, 0x0000000100000000)
  eden space 439808K, 0% used [0x00000000d5d00000,0x00000000d5d00000,0x00000000f0a80000)
  from space 34304K, 0% used [0x00000000f0a80000,0x00000000f0a80000,0x00000000f2c00000)
  to   space 47616K, 0% used [0x00000000fd180000,0x00000000fd180000,0x0000000100000000)
 ParOldGen       total 173568K, used 83342K [0x0000000081600000, 0x000000008bf80000, 0x00000000d5d00000)
  object space 173568K, 48% used [0x0000000081600000,0x00000000867638c8,0x000000008bf80000)
 Metaspace       used 56244K, capacity 56784K, committed 57176K, reserved 1099776K
  class space    used 6805K, capacity 6962K, committed 7040K, reserved 1048576K
}
Event: 16.111 GC heap before
{Heap before GC invocations=17 (full 3):
 PSYoungGen      total 474112K, used 439808K [0x00000000d5d00000, 0x0000000100000000, 0x0000000100000000)
  eden space 439808K, 100% used [0x00000000d5d00000,0x00000000f0a80000,0x00000000f0a80000)
  from space 34304K, 0% used [0x00000000f0a80000,0x00000000f0a80000,0x00000000f2c00000)
  to   space 47616K, 0% used [0x00000000fd180000,0x00000000fd180000,0x0000000100000000)
 ParOldGen       total 173568K, used 83342K [0x0000000081600000, 0x000000008bf80000, 0x00000000d5d00000)
  object space 173568K, 48% used [0x0000000081600000,0x00000000867638c8,0x000000008bf80000)
 Metaspace       used 65986K, capacity 66714K, committed 67032K, reserved 1107968K
  class space    used 8009K, capacity 8185K, committed 8192K, reserved 1048576K
Event: 16.139 GC heap after
Heap after GC invocations=17 (full 3):
 PSYoungGen      total 587776K, used 22277K [0x00000000d5d00000, 0x00000000fe780000, 0x0000000100000000)
  eden space 565248K, 0% used [0x00000000d5d00000,0x00000000d5d00000,0x00000000f8500000)
  from space 22528K, 98% used [0x00000000fd180000,0x00000000fe741798,0x00000000fe780000)
  to   space 46080K, 0% used [0x00000000f8d80000,0x00000000f8d80000,0x00000000fba80000)
 ParOldGen       total 173568K, used 83350K [0x0000000081600000, 0x000000008bf80000, 0x00000000d5d00000)
  object space 173568K, 48% used [0x0000000081600000,0x00000000867658c8,0x000000008bf80000)
 Metaspace       used 65986K, capacity 66714K, committed 67032K, reserved 1107968K
  class space    used 8009K, capacity 8185K, committed 8192K, reserved 1048576K
}
Event: 20.664 GC heap before
{Heap before GC invocations=18 (full 3):
 PSYoungGen      total 587776K, used 587525K [0x00000000d5d00000, 0x00000000fe780000, 0x0000000100000000)
  eden space 565248K, 100% used [0x00000000d5d00000,0x00000000f8500000,0x00000000f8500000)
  from space 22528K, 98% used [0x00000000fd180000,0x00000000fe741798,0x00000000fe780000)
  to   space 46080K, 0% used [0x00000000f8d80000,0x00000000f8d80000,0x00000000fba80000)
 ParOldGen       total 173568K, used 83350K [0x0000000081600000, 0x000000008bf80000, 0x00000000d5d00000)
  object space 173568K, 48% used [0x0000000081600000,0x00000000867658c8,0x000000008bf80000)
 Metaspace       used 78385K, capacity 79320K, committed 79448K, reserved 1120256K
  class space    used 9255K, capacity 9476K, committed 9600K, reserved 1048576K
Event: 20.803 GC heap after
Heap after GC invocations=18 (full 3):
 PSYoungGen      total 620032K, used 46071K [0x00000000d5d00000, 0x0000000100000000, 0x0000000100000000)
  eden space 573952K, 0% used [0x00000000d5d00000,0x00000000d5d00000,0x00000000f8d80000)
  from space 46080K, 99% used [0x00000000f8d80000,0x00000000fba7df10,0x00000000fba80000)
  to   space 54272K, 0% used [0x00000000fcb00000,0x00000000fcb00000,0x0000000100000000)
 ParOldGen       total 173568K, used 85055K [0x0000000081600000, 0x000000008bf80000, 0x00000000d5d00000)
  object space 173568K, 49% used [0x0000000081600000,0x000000008690fcc0,0x000000008bf80000)
 Metaspace       used 78385K, capacity 79320K, committed 79448K, reserved 1120256K
  class space    used 9255K, capacity 9476K, committed 9600K, reserved 1048576K
}

