# JRE version: Java(TM) SE Runtime Environment (8.0_111-b14) (build 1.8.0_111-b14)
# Java VM: Java HotSpot(TM) 64-Bit Server VM (25.111-b14 mixed mode windows-amd64 compressed oops)
Heap:
 PSYoungGen      total 247808K, used 27895K [0x00000000d5d00000, 0x00000000eba80000, 0x0000000100000000)
  eden space 230400K, 4% used [0x00000000d5d00000,0x00000000d6744c00,0x00000000e3e00000)
  from space 17408K, 99% used [0x00000000e3e00000,0x00000000e4ef9250,0x00000000e4f00000)
  to   space 36352K, 0% used [0x00000000e9700000,0x00000000e9700000,0x00000000eba80000)
 ParOldGen       total 105472K, used 67547K [0x0000000081600000, 0x0000000087d00000, 0x00000000d5d00000)
  object space 105472K, 64% used [0x0000000081600000,0x00000000857f6d18,0x0000000087d00000)
 Metaspace       used 52923K, capacity 53494K, committed 54144K, reserved 1097728K
  class space    used 6548K, capacity 6691K, committed 6784K, reserved 1048576K
GC Heap History (10 events):
Event: 9.329 GC heap before
{Heap before GC invocations=11 (full 1):
 PSYoungGen      total 204288K, used 110875K [0x00000000d5d00000, 0x00000000e5e00000, 0x0000000100000000)
  eden space 191488K, 51% used [0x00000000d5d00000,0x00000000dbccd5d0,0x00000000e1800000)
  from space 12800K, 99% used [0x00000000e1800000,0x00000000e24799a8,0x00000000e2480000)
  to   space 15360K, 0% used [0x00000000e4f00000,0x00000000e4f00000,0x00000000e5e00000)
 ParOldGen       total 67584K, used 14746K [0x0000000081600000, 0x0000000085800000, 0x00000000d5d00000)
  object space 67584K, 21% used [0x0000000081600000,0x0000000082466868,0x0000000085800000)
 Metaspace       used 34669K, capacity 35080K, committed 35416K, reserved 1081344K
  class space    used 4384K, capacity 4502K, committed 4608K, reserved 1048576K
Event: 9.346 GC heap after
Heap after GC invocations=11 (full 1):
 PSYoungGen      total 245760K, used 14821K [0x00000000d5d00000, 0x00000000e6180000, 0x0000000100000000)
  eden space 230400K, 0% used [0x00000000d5d00000,0x00000000d5d00000,0x00000000e3e00000)
  from space 15360K, 96% used [0x00000000e4f00000,0x00000000e5d794f8,0x00000000e5e00000)
  to   space 17408K, 0% used [0x00000000e3e00000,0x00000000e3e00000,0x00000000e4f00000)
 ParOldGen       total 67584K, used 14754K [0x0000000081600000, 0x0000000085800000, 0x00000000d5d00000)
  object space 67584K, 21% used [0x0000000081600000,0x0000000082468868,0x0000000085800000)
 Metaspace       used 34669K, capacity 35080K, committed 35416K, reserved 1081344K
  class space    used 4384K, capacity 4502K, committed 4608K, reserved 1048576K
}
Event: 9.346 GC heap before
{Heap before GC invocations=12 (full 2):
 PSYoungGen      total 245760K, used 14821K [0x00000000d5d00000, 0x00000000e6180000, 0x0000000100000000)
  eden space 230400K, 0% used [0x00000000d5d00000,0x00000000d5d00000,0x00000000e3e00000)
  from space 15360K, 96% used [0x00000000e4f00000,0x00000000e5d794f8,0x00000000e5e00000)
  to   space 17408K, 0% used [0x00000000e3e00000,0x00000000e3e00000,0x00000000e4f00000)
 ParOldGen       total 67584K, used 14754K [0x0000000081600000, 0x0000000085800000, 0x00000000d5d00000)
  object space 67584K, 21% used [0x0000000081600000,0x0000000082468868,0x0000000085800000)
 Metaspace       used 34669K, capacity 35080K, committed 35416K, reserved 1081344K
  class space    used 4384K, capacity 4502K, committed 4608K, reserved 1048576K
Event: 9.438 GC heap after
Heap after GC invocations=12 (full 2):
 PSYoungGen      total 245760K, used 0K [0x00000000d5d00000, 0x00000000e6180000, 0x0000000100000000)
  eden space 230400K, 0% used [0x00000000d5d00000,0x00000000d5d00000,0x00000000e3e00000)
  from space 15360K, 0% used [0x00000000e4f00000,0x00000000e4f00000,0x00000000e5e00000)
  to   space 17408K, 0% used [0x00000000e3e00000,0x00000000e3e00000,0x00000000e4f00000)
 ParOldGen       total 105472K, used 22936K [0x0000000081600000, 0x0000000087d00000, 0x00000000d5d00000)
  object space 105472K, 21% used [0x0000000081600000,0x0000000082c663d8,0x0000000087d00000)
 Metaspace       used 34669K, capacity 35080K, committed 35416K, reserved 1081344K
  class space    used 4384K, capacity 4502K, committed 4608K, reserved 1048576K
}
Event: 10.278 GC heap before
{Heap before GC invocations=13 (full 2):
 PSYoungGen      total 245760K, used 230400K [0x00000000d5d00000, 0x00000000e6180000, 0x0000000100000000)
  eden space 230400K, 100% used [0x00000000d5d00000,0x00000000e3e00000,0x00000000e3e00000)
  from space 15360K, 0% used [0x00000000e4f00000,0x00000000e4f00000,0x00000000e5e00000)
  to   space 17408K, 0% used [0x00000000e3e00000,0x00000000e3e00000,0x00000000e4f00000)
 ParOldGen       total 105472K, used 22936K [0x0000000081600000, 0x0000000087d00000, 0x00000000d5d00000)
  object space 105472K, 21% used [0x0000000081600000,0x0000000082c663d8,0x0000000087d00000)
 Metaspace       used 36711K, capacity 37108K, committed 37336K, reserved 1081344K
  class space    used 4608K, capacity 4728K, committed 4736K, reserved 1048576K
Event: 10.320 GC heap after
Heap after GC invocations=13 (full 2):
 PSYoungGen      total 247808K, used 17396K [0x00000000d5d00000, 0x00000000e6180000, 0x0000000100000000)
  eden space 230400K, 0% used [0x00000000d5d00000,0x00000000d5d00000,0x00000000e3e00000)
  from space 17408K, 99% used [0x00000000e3e00000,0x00000000e4efd228,0x00000000e4f00000)
  to   space 15360K, 0% used [0x00000000e4f00000,0x00000000e4f00000,0x00000000e5e00000)
 ParOldGen       total 105472K, used 41032K [0x0000000081600000, 0x0000000087d00000, 0x00000000d5d00000)
  object space 105472K, 38% used [0x0000000081600000,0x0000000083e12170,0x0000000087d00000)
 Metaspace       used 36711K, capacity 37108K, committed 37336K, reserved 1081344K
  class space    used 4608K, capacity 4728K, committed 4736K, reserved 1048576K
}
Event: 14.117 GC heap before
{Heap before GC invocations=14 (full 2):
 PSYoungGen      total 247808K, used 247796K [0x00000000d5d00000, 0x00000000e6180000, 0x0000000100000000)
  eden space 230400K, 100% used [0x00000000d5d00000,0x00000000e3e00000,0x00000000e3e00000)
  from space 17408K, 99% used [0x00000000e3e00000,0x00000000e4efd228,0x00000000e4f00000)
  to   space 15360K, 0% used [0x00000000e4f00000,0x00000000e4f00000,0x00000000e5e00000)
 ParOldGen       total 105472K, used 41032K [0x0000000081600000, 0x0000000087d00000, 0x00000000d5d00000)
  object space 105472K, 38% used [0x0000000081600000,0x0000000083e12170,0x0000000087d00000)
 Metaspace       used 46529K, capacity 47054K, committed 47616K, reserved 1091584K
  class space    used 5916K, capacity 6071K, committed 6144K, reserved 1048576K
Event: 14.154 GC heap after
Heap after GC invocations=14 (full 2):
 PSYoungGen      total 245760K, used 15355K [0x00000000d5d00000, 0x00000000e6180000, 0x0000000100000000)
  eden space 230400K, 0% used [0x00000000d5d00000,0x00000000d5d00000,0x00000000e3e00000)
  from space 15360K, 99% used [0x00000000e4f00000,0x00000000e5dfef48,0x00000000e5e00000)
  to   space 17408K, 0% used [0x00000000e3e00000,0x00000000e3e00000,0x00000000e4f00000)
 ParOldGen       total 105472K, used 48990K [0x0000000081600000, 0x0000000087d00000, 0x00000000d5d00000)
  object space 105472K, 46% used [0x0000000081600000,0x00000000845d7b18,0x0000000087d00000)
 Metaspace       used 46529K, capacity 47054K, committed 47616K, reserved 1091584K
  class space    used 5916K, capacity 6071K, committed 6144K, reserved 1048576K
}
Event: 15.477 GC heap before
{Heap before GC invocations=15 (full 2):
 PSYoungGen      total 245760K, used 245755K [0x00000000d5d00000, 0x00000000e6180000, 0x0000000100000000)
  eden space 230400K, 100% used [0x00000000d5d00000,0x00000000e3e00000,0x00000000e3e00000)
  from space 15360K, 99% used [0x00000000e4f00000,0x00000000e5dfef48,0x00000000e5e00000)
  to   space 17408K, 0% used [0x00000000e3e00000,0x00000000e3e00000,0x00000000e4f00000)
 ParOldGen       total 105472K, used 48990K [0x0000000081600000, 0x0000000087d00000, 0x00000000d5d00000)
  object space 105472K, 46% used [0x0000000081600000,0x00000000845d7b18,0x0000000087d00000)
 Metaspace       used 52137K, capacity 52638K, committed 52992K, reserved 1095680K
  class space    used 6462K, capacity 6623K, committed 6656K, reserved 1048576K
Event: 15.509 GC heap after
Heap after GC invocations=15 (full 2):
 PSYoungGen      total 247808K, used 17380K [0x00000000d5d00000, 0x00000000eba80000, 0x0000000100000000)
  eden space 230400K, 0% used [0x00000000d5d00000,0x00000000d5d00000,0x00000000e3e00000)
  from space 17408K, 99% used [0x00000000e3e00000,0x00000000e4ef9250,0x00000000e4f00000)
  to   space 36352K, 0% used [0x00000000e9700000,0x00000000e9700000,0x00000000eba80000)
 ParOldGen       total 105472K, used 67547K [0x0000000081600000, 0x0000000087d00000, 0x00000000d5d00000)
  object space 105472K, 64% used [0x0000000081600000,0x00000000857f6d18,0x0000000087d00000)
 Metaspace       used 52137K, capacity 52638K, committed 52992K, reserved 1095680K
  class space    used 6462K, capacity 6623K, committed 6656K, reserved 1048576K
}

