# JRE version: Java(TM) SE Runtime Environment (8.0_111-b14) (build 1.8.0_111-b14)
# Java VM: Java HotSpot(TM) 64-Bit Server VM (25.111-b14 mixed mode windows-amd64 compressed oops)
Heap:
 PSYoungGen      total 504320K, used 416050K [0x00000000d5d00000, 0x00000000f6d00000, 0x0000000100000000)
  eden space 487424K, 85% used [0x00000000d5d00000,0x00000000ef34c820,0x00000000f3900000)
  from space 16896K, 0% used [0x00000000f5c80000,0x00000000f5c80000,0x00000000f6d00000)
  to   space 26624K, 0% used [0x00000000f3900000,0x00000000f3900000,0x00000000f5300000)
 ParOldGen       total 76800K, used 37302K [0x0000000081600000, 0x0000000086100000, 0x00000000d5d00000)
  object space 76800K, 48% used [0x0000000081600000,0x0000000083a6da80,0x0000000086100000)
 Metaspace       used 54645K, capacity 55180K, committed 55512K, reserved 1097728K
  class space    used 6701K, capacity 6860K, committed 6912K, reserved 1048576K
GC Heap History (10 events):
Event: 14.862 GC heap before
{Heap before GC invocations=11 (full 1):
 PSYoungGen      total 241664K, used 85389K [0x00000000d5d00000, 0x00000000ec180000, 0x0000000100000000)
  eden space 228864K, 31% used [0x00000000d5d00000,0x00000000da3e8c40,0x00000000e3c80000)
  from space 12800K, 99% used [0x00000000e3c80000,0x00000000e48fa900,0x00000000e4900000)
  to   space 16384K, 0% used [0x00000000eb180000,0x00000000eb180000,0x00000000ec180000)
 ParOldGen       total 56320K, used 16633K [0x0000000081600000, 0x0000000084d00000, 0x00000000d5d00000)
  object space 56320K, 29% used [0x0000000081600000,0x000000008263e600,0x0000000084d00000)
 Metaspace       used 34795K, capacity 35160K, committed 35416K, reserved 1081344K
  class space    used 4387K, capacity 4478K, committed 4480K, reserved 1048576K
Event: 14.919 GC heap after
Heap after GC invocations=11 (full 1):
 PSYoungGen      total 349696K, used 7505K [0x00000000d5d00000, 0x00000000ec480000, 0x0000000100000000)
  eden space 333312K, 0% used [0x00000000d5d00000,0x00000000d5d00000,0x00000000ea280000)
  from space 16384K, 45% used [0x00000000eb180000,0x00000000eb8d4778,0x00000000ec180000)
  to   space 15360K, 0% used [0x00000000ea280000,0x00000000ea280000,0x00000000eb180000)
 ParOldGen       total 56320K, used 23591K [0x0000000081600000, 0x0000000084d00000, 0x00000000d5d00000)
  object space 56320K, 41% used [0x0000000081600000,0x0000000082d09e90,0x0000000084d00000)
 Metaspace       used 34795K, capacity 35160K, committed 35416K, reserved 1081344K
  class space    used 4387K, capacity 4478K, committed 4480K, reserved 1048576K
}
Event: 14.919 GC heap before
{Heap before GC invocations=12 (full 2):
 PSYoungGen      total 349696K, used 7505K [0x00000000d5d00000, 0x00000000ec480000, 0x0000000100000000)
  eden space 333312K, 0% used [0x00000000d5d00000,0x00000000d5d00000,0x00000000ea280000)
  from space 16384K, 45% used [0x00000000eb180000,0x00000000eb8d4778,0x00000000ec180000)
  to   space 15360K, 0% used [0x00000000ea280000,0x00000000ea280000,0x00000000eb180000)
 ParOldGen       total 56320K, used 23591K [0x0000000081600000, 0x0000000084d00000, 0x00000000d5d00000)
  object space 56320K, 41% used [0x0000000081600000,0x0000000082d09e90,0x0000000084d00000)
 Metaspace       used 34795K, capacity 35160K, committed 35416K, reserved 1081344K
  class space    used 4387K, capacity 4478K, committed 4480K, reserved 1048576K
Event: 15.015 GC heap after
Heap after GC invocations=12 (full 2):
 PSYoungGen      total 349696K, used 0K [0x00000000d5d00000, 0x00000000ec480000, 0x0000000100000000)
  eden space 333312K, 0% used [0x00000000d5d00000,0x00000000d5d00000,0x00000000ea280000)
  from space 16384K, 0% used [0x00000000eb180000,0x00000000eb180000,0x00000000ec180000)
  to   space 15360K, 0% used [0x00000000ea280000,0x00000000ea280000,0x00000000eb180000)
 ParOldGen       total 76800K, used 22776K [0x0000000081600000, 0x0000000086100000, 0x00000000d5d00000)
  object space 76800K, 29% used [0x0000000081600000,0x0000000082c3e308,0x0000000086100000)
 Metaspace       used 34795K, capacity 35160K, committed 35416K, reserved 1081344K
  class space    used 4387K, capacity 4478K, committed 4480K, reserved 1048576K
}
Event: 16.975 GC heap before
{Heap before GC invocations=13 (full 2):
 PSYoungGen      total 349696K, used 333312K [0x00000000d5d00000, 0x00000000ec480000, 0x0000000100000000)
  eden space 333312K, 100% used [0x00000000d5d00000,0x00000000ea280000,0x00000000ea280000)
  from space 16384K, 0% used [0x00000000eb180000,0x00000000eb180000,0x00000000ec180000)
  to   space 15360K, 0% used [0x00000000ea280000,0x00000000ea280000,0x00000000eb180000)
 ParOldGen       total 76800K, used 22776K [0x0000000081600000, 0x0000000086100000, 0x00000000d5d00000)
  object space 76800K, 29% used [0x0000000081600000,0x0000000082c3e308,0x0000000086100000)
 Metaspace       used 37866K, capacity 38308K, committed 38616K, reserved 1083392K
  class space    used 4726K, capacity 4848K, committed 4864K, reserved 1048576K
Event: 17.095 GC heap after
Heap after GC invocations=13 (full 2):
 PSYoungGen      total 348672K, used 15356K [0x00000000d5d00000, 0x00000000f7780000, 0x0000000100000000)
  eden space 333312K, 0% used [0x00000000d5d00000,0x00000000d5d00000,0x00000000ea280000)
  from space 15360K, 99% used [0x00000000ea280000,0x00000000eb17f1d8,0x00000000eb180000)
  to   space 27648K, 0% used [0x00000000f5c80000,0x00000000f5c80000,0x00000000f7780000)
 ParOldGen       total 76800K, used 49730K [0x0000000081600000, 0x0000000086100000, 0x00000000d5d00000)
  object space 76800K, 64% used [0x0000000081600000,0x00000000846909d8,0x0000000086100000)
 Metaspace       used 37866K, capacity 38308K, committed 38616K, reserved 1083392K
  class space    used 4726K, capacity 4848K, committed 4864K, reserved 1048576K
}
Event: 21.905 GC heap before
{Heap before GC invocations=14 (full 2):
 PSYoungGen      total 348672K, used 150901K [0x00000000d5d00000, 0x00000000f7780000, 0x0000000100000000)
  eden space 333312K, 40% used [0x00000000d5d00000,0x00000000de15e308,0x00000000ea280000)
  from space 15360K, 99% used [0x00000000ea280000,0x00000000eb17f1d8,0x00000000eb180000)
  to   space 27648K, 0% used [0x00000000f5c80000,0x00000000f5c80000,0x00000000f7780000)
 ParOldGen       total 76800K, used 49730K [0x0000000081600000, 0x0000000086100000, 0x00000000d5d00000)
  object space 76800K, 64% used [0x0000000081600000,0x00000000846909d8,0x0000000086100000)
 Metaspace       used 46076K, capacity 46510K, committed 46680K, reserved 1093632K
  class space    used 5837K, capacity 5975K, committed 6016K, reserved 1048576K
Event: 21.919 GC heap after
Heap after GC invocations=14 (full 2):
 PSYoungGen      total 504320K, used 8150K [0x00000000d5d00000, 0x00000000f6d00000, 0x0000000100000000)
  eden space 487424K, 0% used [0x00000000d5d00000,0x00000000d5d00000,0x00000000f3900000)
  from space 16896K, 48% used [0x00000000f5c80000,0x00000000f6475a60,0x00000000f6d00000)
  to   space 26624K, 0% used [0x00000000f3900000,0x00000000f3900000,0x00000000f5300000)
 ParOldGen       total 76800K, used 57594K [0x0000000081600000, 0x0000000086100000, 0x00000000d5d00000)
  object space 76800K, 74% used [0x0000000081600000,0x0000000084e3e9e8,0x0000000086100000)
 Metaspace       used 46076K, capacity 46510K, committed 46680K, reserved 1093632K
  class space    used 5837K, capacity 5975K, committed 6016K, reserved 1048576K
}
Event: 21.919 GC heap before
{Heap before GC invocations=15 (full 3):
 PSYoungGen      total 504320K, used 8150K [0x00000000d5d00000, 0x00000000f6d00000, 0x0000000100000000)
  eden space 487424K, 0% used [0x00000000d5d00000,0x00000000d5d00000,0x00000000f3900000)
  from space 16896K, 48% used [0x00000000f5c80000,0x00000000f6475a60,0x00000000f6d00000)
  to   space 26624K, 0% used [0x00000000f3900000,0x00000000f3900000,0x00000000f5300000)
 ParOldGen       total 76800K, used 57594K [0x0000000081600000, 0x0000000086100000, 0x00000000d5d00000)
  object space 76800K, 74% used [0x0000000081600000,0x0000000084e3e9e8,0x0000000086100000)
 Metaspace       used 46076K, capacity 46510K, committed 46680K, reserved 1093632K
  class space    used 5837K, capacity 5975K, committed 6016K, reserved 1048576K
Event: 22.227 GC heap after
Heap after GC invocations=15 (full 3):
 PSYoungGen      total 504320K, used 0K [0x00000000d5d00000, 0x00000000f6d00000, 0x0000000100000000)
  eden space 487424K, 0% used [0x00000000d5d00000,0x00000000d5d00000,0x00000000f3900000)
  from space 16896K, 0% used [0x00000000f5c80000,0x00000000f5c80000,0x00000000f6d00000)
  to   space 26624K, 0% used [0x00000000f3900000,0x00000000f3900000,0x00000000f5300000)
 ParOldGen       total 76800K, used 37302K [0x0000000081600000, 0x0000000086100000, 0x00000000d5d00000)
  object space 76800K, 48% used [0x0000000081600000,0x0000000083a6da80,0x0000000086100000)
 Metaspace       used 46076K, capacity 46510K, committed 46680K, reserved 1091584K
  class space    used 5837K, capacity 5975K, committed 6016K, reserved 1048576K
}

